<?xml version="1.0" encoding="UTF-8"?>
<testsuites>
  <testsuite name="Sigmie\ElasticsearchScout\Tests\ElasticsearchEngineTest" file="/Users/nico/github.com/sigmie/demo/packages/elasticsearch-scout/tests/ElasticsearchEngineTest.php" tests="10" assertions="23" errors="0" warnings="0" failures="0" skipped="0" time="1.721414">
    <testcase name="delete_all" class="Sigmie\ElasticsearchScout\Tests\ElasticsearchEngineTest" classname="Sigmie.ElasticsearchScout.Tests.ElasticsearchEngineTest" file="/Users/nico/github.com/sigmie/demo/packages/elasticsearch-scout/tests/ElasticsearchEngineTest.php" line="22" assertions="2" time="0.380844"/>
    <testcase name="update" class="Sigmie\ElasticsearchScout\Tests\ElasticsearchEngineTest" classname="Sigmie.ElasticsearchScout.Tests.ElasticsearchEngineTest" file="/Users/nico/github.com/sigmie/demo/packages/elasticsearch-scout/tests/ElasticsearchEngineTest.php" line="41" assertions="1" time="0.161746"/>
    <testcase name="delete_models" class="Sigmie\ElasticsearchScout\Tests\ElasticsearchEngineTest" classname="Sigmie.ElasticsearchScout.Tests.ElasticsearchEngineTest" file="/Users/nico/github.com/sigmie/demo/packages/elasticsearch-scout/tests/ElasticsearchEngineTest.php" line="60" assertions="2" time="0.153579"/>
    <testcase name="map" class="Sigmie\ElasticsearchScout\Tests\ElasticsearchEngineTest" classname="Sigmie.ElasticsearchScout.Tests.ElasticsearchEngineTest" file="/Users/nico/github.com/sigmie/demo/packages/elasticsearch-scout/tests/ElasticsearchEngineTest.php" line="85" assertions="5" time="0.164517"/>
    <testcase name="lazy_map" class="Sigmie\ElasticsearchScout\Tests\ElasticsearchEngineTest" classname="Sigmie.ElasticsearchScout.Tests.ElasticsearchEngineTest" file="/Users/nico/github.com/sigmie/demo/packages/elasticsearch-scout/tests/ElasticsearchEngineTest.php" line="112" assertions="6" time="0.159994"/>
    <testcase name="total_count" class="Sigmie\ElasticsearchScout\Tests\ElasticsearchEngineTest" classname="Sigmie.ElasticsearchScout.Tests.ElasticsearchEngineTest" file="/Users/nico/github.com/sigmie/demo/packages/elasticsearch-scout/tests/ElasticsearchEngineTest.php" line="141" assertions="1" time="0.160313"/>
    <testcase name="map_ids" class="Sigmie\ElasticsearchScout\Tests\ElasticsearchEngineTest" classname="Sigmie.ElasticsearchScout.Tests.ElasticsearchEngineTest" file="/Users/nico/github.com/sigmie/demo/packages/elasticsearch-scout/tests/ElasticsearchEngineTest.php" line="168" assertions="1" time="0.153653"/>
    <testcase name="paginate" class="Sigmie\ElasticsearchScout\Tests\ElasticsearchEngineTest" classname="Sigmie.ElasticsearchScout.Tests.ElasticsearchEngineTest" file="/Users/nico/github.com/sigmie/demo/packages/elasticsearch-scout/tests/ElasticsearchEngineTest.php" line="197" assertions="2" time="0.151431"/>
    <testcase name="create_index" class="Sigmie\ElasticsearchScout\Tests\ElasticsearchEngineTest" classname="Sigmie.ElasticsearchScout.Tests.ElasticsearchEngineTest" file="/Users/nico/github.com/sigmie/demo/packages/elasticsearch-scout/tests/ElasticsearchEngineTest.php" line="226" assertions="1" time="0.107096"/>
    <testcase name="delete_index" class="Sigmie\ElasticsearchScout\Tests\ElasticsearchEngineTest" classname="Sigmie.ElasticsearchScout.Tests.ElasticsearchEngineTest" file="/Users/nico/github.com/sigmie/demo/packages/elasticsearch-scout/tests/ElasticsearchEngineTest.php" line="243" assertions="2" time="0.128243"/>
  </testsuite>
</testsuites>
